#
# There is insufficient memory for the Java Runtime Environment to continue.
# Native memory allocation (mmap) failed to map 85983232 bytes for G1 virtual space
# Possible reasons:
#   The system is out of physical RAM or swap space
#   The process is running with CompressedOops enabled, and the Java Heap may be blocking the growth of the native heap
# Possible solutions:
#   Reduce memory load on the system
#   Increase physical memory or swap space
#   Check if swap backing store is full
#   Decrease Java heap size (-Xmx/-Xms)
#   Decrease number of Java threads
#   Decrease Java thread stack sizes (-Xss)
#   Set larger code cache with -XX:ReservedCodeCacheSize=
#   JVM is running with Zero Based Compressed Oops mode in which the Java heap is
#     placed in the first 32GB address space. The Java Heap base address is the
#     maximum limit for the native heap growth. Please use -XX:HeapBaseMinAddress
#     to set the Java Heap base and to place the Java Heap above 32GB virtual address.
# This output file may be truncated or incomplete.
#
#  Out of Memory Error (os_windows.cpp:3825), pid=23056, tid=21412
#
# JRE version: OpenJDK Runtime Environment (17.0.9) (build 17.0.9+0--11185874)
# Java VM: OpenJDK 64-Bit Server VM (17.0.9+0--11185874, mixed mode, tiered, compressed oops, compressed class ptrs, g1 gc, windows-amd64)
# No core dump will be written. Minidumps are not enabled by default on client versions of Windows
#

---------------  S U M M A R Y ------------

Command Line: org.jetbrains.kotlin.cli.jvm.K2JVMCompiler @C:\Users\se055\app_project\LifeMaster_XML\app\build\20250116_7539678204400307533.compiler.options

Host: 12th Gen Intel(R) Core(TM) i5-1240P, 16 cores, 15G,  Windows 11 , 64 bit Build 22621 (10.0.22621.4391)
Time: Thu Jan 16 21:06:51 2025  Windows 11 , 64 bit Build 22621 (10.0.22621.4391) elapsed time: 17.167182 seconds (0d 0h 0m 17s)

---------------  T H R E A D  ---------------

Current thread (0x0000029f66817920):  VMThread "VM Thread" [stack: 0x000000ff6fe00000,0x000000ff6ff00000] [id=21412]

Stack: [0x000000ff6fe00000,0x000000ff6ff00000]
Native frames: (J=compiled Java code, j=interpreted, Vv=VM code, C=native code)
V  [jvm.dll+0x6886e9]
V  [jvm.dll+0x841e4a]
V  [jvm.dll+0x843a8e]
V  [jvm.dll+0x8440f3]
V  [jvm.dll+0x24c14f]
V  [jvm.dll+0x685499]
V  [jvm.dll+0x679c2a]
V  [jvm.dll+0x30cf9b]
V  [jvm.dll+0x314446]
V  [jvm.dll+0x36425e]
V  [jvm.dll+0x36448f]
V  [jvm.dll+0x2e2d68]
V  [jvm.dll+0x2e0f44]
V  [jvm.dll+0x2e054c]
V  [jvm.dll+0x3253fb]
V  [jvm.dll+0x8487eb]
V  [jvm.dll+0x849531]
V  [jvm.dll+0x849a4d]
V  [jvm.dll+0x849e24]
V  [jvm.dll+0x849ef0]
V  [jvm.dll+0x7f06aa]
V  [jvm.dll+0x687565]
C  [ucrtbase.dll+0x29333]
C  [KERNEL32.DLL+0x1259d]
C  [ntdll.dll+0x5af38]

VM_Operation (0x000000ff6f8fdb20): G1CollectForAllocation, mode: safepoint, requested by thread 0x0000029f47e8a630


---------------  P R O C E S S  ---------------

Threads class SMR info:
_java_thread_list=0x0000029f6c988020, length=18, elements={
0x0000029f47e8a630, 0x0000029f671a7280, 0x0000029f671a8100, 0x0000029f66866550,
0x0000029f671f3130, 0x0000029f671f4c60, 0x0000029f671f5620, 0x0000029f671f7320,
0x0000029f671f7dd0, 0x0000029f671f87d0, 0x0000029f67360ee0, 0x0000029f67363410,
0x0000029f67390510, 0x0000029f67394bc0, 0x0000029f6739bc30, 0x0000029f6739c150,
0x0000029f679272b0, 0x0000029f6cc9dfc0
}

Java Threads: ( => current thread )
  0x0000029f47e8a630 JavaThread "main" [_thread_blocked, id=4808, stack(0x000000ff6f800000,0x000000ff6f900000)]
  0x0000029f671a7280 JavaThread "Reference Handler" daemon [_thread_blocked, id=9628, stack(0x000000ff6ff00000,0x000000ff70000000)]
  0x0000029f671a8100 JavaThread "Finalizer" daemon [_thread_blocked, id=8628, stack(0x000000ff70000000,0x000000ff70100000)]
  0x0000029f66866550 JavaThread "Signal Dispatcher" daemon [_thread_blocked, id=11532, stack(0x000000ff70100000,0x000000ff70200000)]
  0x0000029f671f3130 JavaThread "Attach Listener" daemon [_thread_blocked, id=20188, stack(0x000000ff70200000,0x000000ff70300000)]
  0x0000029f671f4c60 JavaThread "Service Thread" daemon [_thread_blocked, id=12608, stack(0x000000ff70300000,0x000000ff70400000)]
  0x0000029f671f5620 JavaThread "Monitor Deflation Thread" daemon [_thread_blocked, id=25396, stack(0x000000ff70400000,0x000000ff70500000)]
  0x0000029f671f7320 JavaThread "C2 CompilerThread0" daemon [_thread_blocked, id=25924, stack(0x000000ff70500000,0x000000ff70600000)]
  0x0000029f671f7dd0 JavaThread "C1 CompilerThread0" daemon [_thread_blocked, id=22696, stack(0x000000ff70600000,0x000000ff70700000)]
  0x0000029f671f87d0 JavaThread "Sweeper thread" daemon [_thread_blocked, id=6384, stack(0x000000ff70700000,0x000000ff70800000)]
  0x0000029f67360ee0 JavaThread "C1 CompilerThread1" daemon [_thread_blocked, id=22820, stack(0x000000ff70800000,0x000000ff70900000)]
  0x0000029f67363410 JavaThread "C1 CompilerThread2" daemon [_thread_blocked, id=23800, stack(0x000000ff70900000,0x000000ff70a00000)]
  0x0000029f67390510 JavaThread "Notification Thread" daemon [_thread_blocked, id=8764, stack(0x000000ff70a00000,0x000000ff70b00000)]
  0x0000029f67394bc0 JavaThread "Common-Cleaner" daemon [_thread_blocked, id=19684, stack(0x000000ff70c00000,0x000000ff70d00000)]
  0x0000029f6739bc30 JavaThread "C2 CompilerThread1" daemon [_thread_blocked, id=7360, stack(0x000000ff70d00000,0x000000ff70e00000)]
  0x0000029f6739c150 JavaThread "C2 CompilerThread2" daemon [_thread_blocked, id=24124, stack(0x000000ff70e00000,0x000000ff70f00000)]
  0x0000029f679272b0 JavaThread "C1 CompilerThread3" daemon [_thread_blocked, id=25240, stack(0x000000ff70f00000,0x000000ff71000000)]
  0x0000029f6cc9dfc0 JavaThread "C2 CompilerThread3" daemon [_thread_blocked, id=9496, stack(0x000000ff71e00000,0x000000ff71f00000)]

Other Threads:
=>0x0000029f66817920 VMThread "VM Thread" [stack: 0x000000ff6fe00000,0x000000ff6ff00000] [id=21412]
  0x0000029f6725d540 WatcherThread [stack: 0x000000ff70b00000,0x000000ff70c00000] [id=11584]
  0x0000029f47ef7110 GCTaskThread "GC Thread#0" [stack: 0x000000ff6f900000,0x000000ff6fa00000] [id=22368]
  0x0000029f67abc3b0 GCTaskThread "GC Thread#1" [stack: 0x000000ff71000000,0x000000ff71100000] [id=26080]
  0x0000029f679fb5f0 GCTaskThread "GC Thread#2" [stack: 0x000000ff71100000,0x000000ff71200000] [id=10516]
  0x0000029f67969c90 GCTaskThread "GC Thread#3" [stack: 0x000000ff71200000,0x000000ff71300000] [id=19464]
  0x0000029f67969f50 GCTaskThread "GC Thread#4" [stack: 0x000000ff71300000,0x000000ff71400000] [id=9032]
  0x0000029f6796a210 GCTaskThread "GC Thread#5" [stack: 0x000000ff71400000,0x000000ff71500000] [id=15392]
  0x0000029f6c36b8f0 GCTaskThread "GC Thread#6" [stack: 0x000000ff71500000,0x000000ff71600000] [id=1840]
  0x0000029f6c36bbb0 GCTaskThread "GC Thread#7" [stack: 0x000000ff71600000,0x000000ff71700000] [id=11072]
  0x0000029f6c36be70 GCTaskThread "GC Thread#8" [stack: 0x000000ff71700000,0x000000ff71800000] [id=18000]
  0x0000029f6c354c20 GCTaskThread "GC Thread#9" [stack: 0x000000ff71800000,0x000000ff71900000] [id=8044]
  0x0000029f6c3a9da0 GCTaskThread "GC Thread#10" [stack: 0x000000ff71b00000,0x000000ff71c00000] [id=20912]
  0x0000029f6c3aab60 GCTaskThread "GC Thread#11" [stack: 0x000000ff71c00000,0x000000ff71d00000] [id=19752]
  0x0000029f6c3aae20 GCTaskThread "GC Thread#12" [stack: 0x000000ff71d00000,0x000000ff71e00000] [id=21696]
  0x0000029f47f07a60 ConcurrentGCThread "G1 Main Marker" [stack: 0x000000ff6fa00000,0x000000ff6fb00000] [id=9504]
  0x0000029f47f08c20 ConcurrentGCThread "G1 Conc#0" [stack: 0x000000ff6fb00000,0x000000ff6fc00000] [id=2964]
  0x0000029f6c39b0f0 ConcurrentGCThread "G1 Conc#1" [stack: 0x000000ff71900000,0x000000ff71a00000] [id=10340]
  0x0000029f6c3a9ae0 ConcurrentGCThread "G1 Conc#2" [stack: 0x000000ff71a00000,0x000000ff71b00000] [id=11276]
  0x0000029f667474f0 ConcurrentGCThread "G1 Refine#0" [stack: 0x000000ff6fc00000,0x000000ff6fd00000] [id=21192]
  0x0000029f66747e30 ConcurrentGCThread "G1 Service" [stack: 0x000000ff6fd00000,0x000000ff6fe00000] [id=18356]

Threads with active compile tasks:
C2 CompilerThread0    17189 16317       4       org.jetbrains.kotlin.ir.util.TypeTranslator::approximate (50 bytes)
C1 CompilerThread0    17189 17383       3       org.jetbrains.kotlin.backend.jvm.ir.IrInlineReferenceLocator::visitBranch (13 bytes)
C1 CompilerThread1    17189 17353       3       org.jetbrains.kotlin.backend.common.lower.TailrecLowering$lower$1::visitGetValue (13 bytes)
C1 CompilerThread2    17189 17355       3       org.jetbrains.kotlin.backend.common.lower.TailrecLowering$lower$1::visitGetValue (6 bytes)
C2 CompilerThread1    17189 16957       4       org.jetbrains.kotlin.load.kotlin.TypeSignatureMappingKt::mapBuiltInType (339 bytes)
C2 CompilerThread2    17189 16900       4       org.jetbrains.kotlin.ir.util.IrFakeOverrideUtilsKt::collectAndFilterRealOverrides$collectRealOverrides (156 bytes)
C1 CompilerThread3    17190 17354       3       org.jetbrains.kotlin.backend.common.lower.TailrecLowering$lower$1::visitGetValue (7 bytes)
C2 CompilerThread3    17190 17302       4       org.jetbrains.kotlin.backend.jvm.caches.BridgeLoweringCache::canHaveSpecialBridge (152 bytes)

VM state: at safepoint (normal execution)

VM Mutex/Monitor currently owned by a thread:  ([mutex/lock_event])
[0x0000029f47e859c0] Threads_lock - owner thread: 0x0000029f66817920
[0x0000029f47e84100] Heap_lock - owner thread: 0x0000029f47e8a630

Heap address: 0x0000000706000000, size: 4000 MB, Compressed Oops mode: Zero based, Oop shift amount: 3

CDS archive(s) not mapped
Compressed class space mapped at: 0x0000000800000000-0x0000000840000000, reserved size: 1073741824
Narrow klass base: 0x0000000800000000, Narrow klass shift: 0, Narrow klass range: 0x40000000

GC Precious Log:
 CPUs: 16 total, 16 available
 Memory: 15996M
 Large Page Support: Disabled
 NUMA Support: Disabled
 Compressed Oops: Enabled (Zero based)
 Heap Region Size: 2M
 Heap Min Capacity: 8M
 Heap Initial Capacity: 250M
 Heap Max Capacity: 4000M
 Pre-touch: Disabled
 Parallel Workers: 13
 Concurrent Workers: 3
 Concurrent Refinement Workers: 13
 Periodic GC: Disabled

Heap:
 garbage-first heap   total 172032K, used 101841K [0x0000000706000000, 0x0000000800000000)
  region size 2048K, 1 young (2048K), 1 survivors (2048K)
 Metaspace       used 86827K, committed 87104K, reserved 1179648K
  class space    used 9619K, committed 9728K, reserved 1048576K

Heap Regions: E=young(eden), S=young(survivor), O=old, HS=humongous(starts), HC=humongous(continues), CS=collection set, F=free, OA=open archive, CA=closed archive, TAMS=top-at-mark-start (previous, next)
|   0|0x0000000706000000, 0x0000000706200000, 0x0000000706200000|100%|HS|  |TAMS 0x0000000706200000, 0x0000000706000000| Complete 
|   1|0x0000000706200000, 0x0000000706400000, 0x0000000706400000|100%|HC|  |TAMS 0x0000000706400000, 0x0000000706200000| Complete 
|   2|0x0000000706400000, 0x0000000706600000, 0x0000000706600000|100%|HS|  |TAMS 0x0000000706600000, 0x0000000706400000| Complete 
|   3|0x0000000706600000, 0x0000000706800000, 0x0000000706800000|100%|HS|  |TAMS 0x0000000706800000, 0x0000000706600000| Complete 
|   4|0x0000000706800000, 0x0000000706a00000, 0x0000000706a00000|100%|HC|  |TAMS 0x0000000706a00000, 0x0000000706800000| Complete 
|   5|0x0000000706a00000, 0x0000000706c00000, 0x0000000706c00000|100%| O|  |TAMS 0x0000000706c00000, 0x0000000706a00000| Untracked 
|   6|0x0000000706c00000, 0x0000000706e00000, 0x0000000706e00000|100%| O|  |TAMS 0x0000000706e00000, 0x0000000706c00000| Untracked 
|   7|0x0000000706e00000, 0x0000000707000000, 0x0000000707000000|100%| O|  |TAMS 0x0000000707000000, 0x0000000706e00000| Untracked 
|   8|0x0000000707000000, 0x0000000707200000, 0x0000000707200000|100%| O|  |TAMS 0x0000000707200000, 0x0000000707000000| Untracked 
|   9|0x0000000707200000, 0x0000000707400000, 0x0000000707400000|100%| O|  |TAMS 0x0000000707400000, 0x0000000707200000| Untracked 
|  10|0x0000000707400000, 0x0000000707600000, 0x0000000707600000|100%| O|  |TAMS 0x0000000707600000, 0x0000000707400000| Untracked 
|  11|0x0000000707600000, 0x0000000707800000, 0x0000000707800000|100%| O|  |TAMS 0x0000000707800000, 0x0000000707600000| Untracked 
|  12|0x0000000707800000, 0x0000000707a00000, 0x0000000707a00000|100%| O|  |TAMS 0x0000000707a00000, 0x0000000707800000| Untracked 
|  13|0x0000000707a00000, 0x0000000707c00000, 0x0000000707c00000|100%| O|  |TAMS 0x0000000707c00000, 0x0000000707a00000| Untracked 
|  14|0x0000000707c00000, 0x0000000707e00000, 0x0000000707e00000|100%| O|  |TAMS 0x0000000707e00000, 0x0000000707c00000| Untracked 
|  15|0x0000000707e00000, 0x0000000708000000, 0x0000000708000000|100%| O|  |TAMS 0x0000000708000000, 0x0000000707e00000| Untracked 
|  16|0x0000000708000000, 0x0000000708200000, 0x0000000708200000|100%| O|  |TAMS 0x0000000708200000, 0x0000000708000000| Untracked 
|  17|0x0000000708200000, 0x0000000708400000, 0x0000000708400000|100%| O|  |TAMS 0x0000000708400000, 0x0000000708200000| Untracked 
|  18|0x0000000708400000, 0x0000000708600000, 0x0000000708600000|100%| O|  |TAMS 0x0000000708600000, 0x0000000708400000| Untracked 
|  19|0x0000000708600000, 0x0000000708800000, 0x0000000708800000|100%| O|  |TAMS 0x0000000708800000, 0x0000000708600000| Untracked 
|  20|0x0000000708800000, 0x0000000708a00000, 0x0000000708a00000|100%| O|  |TAMS 0x0000000708a00000, 0x0000000708800000| Untracked 
|  21|0x0000000708a00000, 0x0000000708c00000, 0x0000000708c00000|100%| O|  |TAMS 0x0000000708c00000, 0x0000000708a00000| Untracked 
|  22|0x0000000708c00000, 0x0000000708e00000, 0x0000000708e00000|100%| O|  |TAMS 0x0000000708e00000, 0x0000000708c00000| Untracked 
|  23|0x0000000708e00000, 0x0000000709000000, 0x0000000709000000|100%| O|  |TAMS 0x0000000709000000, 0x0000000708e00000| Untracked 
|  24|0x0000000709000000, 0x0000000709200000, 0x0000000709200000|100%| O|  |TAMS 0x0000000709200000, 0x0000000709000000| Untracked 
|  25|0x0000000709200000, 0x0000000709400000, 0x0000000709400000|100%| O|  |TAMS 0x0000000709400000, 0x0000000709200000| Untracked 
|  26|0x0000000709400000, 0x0000000709600000, 0x0000000709600000|100%| O|  |TAMS 0x0000000709600000, 0x0000000709400000| Untracked 
|  27|0x0000000709600000, 0x0000000709800000, 0x0000000709800000|100%| O|  |TAMS 0x0000000709600000, 0x0000000709600000| Untracked 
|  28|0x0000000709800000, 0x0000000709a00000, 0x0000000709a00000|100%| O|  |TAMS 0x0000000709a00000, 0x0000000709800000| Untracked 
|  29|0x0000000709a00000, 0x0000000709c00000, 0x0000000709c00000|100%| O|  |TAMS 0x0000000709c00000, 0x0000000709a00000| Untracked 
|  30|0x0000000709c00000, 0x0000000709e00000, 0x0000000709e00000|100%| O|  |TAMS 0x0000000709e00000, 0x0000000709c00000| Untracked 
|  31|0x0000000709e00000, 0x000000070a000000, 0x000000070a000000|100%| O|  |TAMS 0x000000070a000000, 0x0000000709e00000| Untracked 
|  32|0x000000070a000000, 0x000000070a200000, 0x000000070a200000|100%| O|  |TAMS 0x000000070a200000, 0x000000070a000000| Untracked 
|  33|0x000000070a200000, 0x000000070a400000, 0x000000070a400000|100%| O|  |TAMS 0x000000070a400000, 0x000000070a200000| Untracked 
|  34|0x000000070a400000, 0x000000070a600000, 0x000000070a600000|100%| O|  |TAMS 0x000000070a600000, 0x000000070a400000| Untracked 
|  35|0x000000070a600000, 0x000000070a800000, 0x000000070a800000|100%| O|  |TAMS 0x000000070a800000, 0x000000070a600000| Untracked 
|  36|0x000000070a800000, 0x000000070aa00000, 0x000000070aa00000|100%| O|  |TAMS 0x000000070aa00000, 0x000000070a800000| Untracked 
|  37|0x000000070aa00000, 0x000000070ac00000, 0x000000070ac00000|100%| O|  |TAMS 0x000000070ac00000, 0x000000070aa00000| Untracked 
|  38|0x000000070ac00000, 0x000000070ae00000, 0x000000070ae00000|100%| O|  |TAMS 0x000000070ac00000, 0x000000070ac00000| Untracked 
|  39|0x000000070ae00000, 0x000000070b000000, 0x000000070b000000|100%| O|  |TAMS 0x000000070b000000, 0x000000070ae00000| Untracked 
|  40|0x000000070b000000, 0x000000070b200000, 0x000000070b200000|100%| O|  |TAMS 0x000000070b200000, 0x000000070b000000| Untracked 
|  41|0x000000070b200000, 0x000000070b400000, 0x000000070b400000|100%| O|  |TAMS 0x000000070b400000, 0x000000070b200000| Untracked 
|  42|0x000000070b400000, 0x000000070b600000, 0x000000070b600000|100%| O|  |TAMS 0x000000070b600000, 0x000000070b400000| Untracked 
|  43|0x000000070b600000, 0x000000070b800000, 0x000000070b800000|100%| O|  |TAMS 0x000000070b800000, 0x000000070b600000| Untracked 
|  44|0x000000070b800000, 0x000000070b800000, 0x000000070ba00000|  0%| F|  |TAMS 0x000000070b800000, 0x000000070b800000| Untracked 
|  45|0x000000070ba00000, 0x000000070bc00000, 0x000000070bc00000|100%| O|  |TAMS 0x000000070ba00000, 0x000000070ba00000| Untracked 
|  46|0x000000070bc00000, 0x000000070be00000, 0x000000070be00000|100%| O|  |TAMS 0x000000070bc00000, 0x000000070bc00000| Untracked 
|  47|0x000000070be00000, 0x000000070c000000, 0x000000070c000000|100%| O|  |TAMS 0x000000070be00000, 0x000000070be00000| Untracked 
|  48|0x000000070c000000, 0x000000070c200000, 0x000000070c200000|100%| O|  |TAMS 0x000000070c000000, 0x000000070c000000| Untracked 
|  49|0x000000070c200000, 0x000000070c400000, 0x000000070c400000|100%| O|  |TAMS 0x000000070c200000, 0x000000070c200000| Untracked 
|  50|0x000000070c400000, 0x000000070c400000, 0x000000070c600000|  0%| F|  |TAMS 0x000000070c400000, 0x000000070c400000| Untracked 
|  51|0x000000070c600000, 0x000000070c600000, 0x000000070c800000|  0%| F|  |TAMS 0x000000070c600000, 0x000000070c600000| Untracked 
|  52|0x000000070c800000, 0x000000070c800000, 0x000000070ca00000|  0%| F|  |TAMS 0x000000070c800000, 0x000000070c800000| Untracked 
|  53|0x000000070ca00000, 0x000000070ca00000, 0x000000070cc00000|  0%| F|  |TAMS 0x000000070ca00000, 0x000000070ca00000| Untracked 
|  54|0x000000070cc00000, 0x000000070cc00000, 0x000000070ce00000|  0%| F|  |TAMS 0x000000070cc00000, 0x000000070cc00000| Untracked 
|  55|0x000000070ce00000, 0x000000070ce00000, 0x000000070d000000|  0%| F|  |TAMS 0x000000070ce00000, 0x000000070ce00000| Untracked 
|  56|0x000000070d000000, 0x000000070d000000, 0x000000070d200000|  0%| F|  |TAMS 0x000000070d000000, 0x000000070d000000| Untracked 
|  57|0x000000070d200000, 0x000000070d200000, 0x000000070d400000|  0%| F|  |TAMS 0x000000070d200000, 0x000000070d200000| Untracked 
|  58|0x000000070d400000, 0x000000070d400000, 0x000000070d600000|  0%| F|  |TAMS 0x000000070d400000, 0x000000070d400000| Untracked 
|  59|0x000000070d600000, 0x000000070d600000, 0x000000070d800000|  0%| F|  |TAMS 0x000000070d600000, 0x000000070d600000| Untracked 
|  60|0x000000070d800000, 0x000000070d800000, 0x000000070da00000|  0%| F|  |TAMS 0x000000070d800000, 0x000000070d800000| Untracked 
|  61|0x000000070da00000, 0x000000070da00000, 0x000000070dc00000|  0%| F|  |TAMS 0x000000070da00000, 0x000000070da00000| Untracked 
|  62|0x000000070dc00000, 0x000000070dc00000, 0x000000070de00000|  0%| F|  |TAMS 0x000000070dc00000, 0x000000070dc00000| Untracked 
|  63|0x000000070de00000, 0x000000070de00000, 0x000000070e000000|  0%| F|  |TAMS 0x000000070de00000, 0x000000070de00000| Untracked 
|  64|0x000000070e000000, 0x000000070e174590, 0x000000070e200000| 72%| S|CS|TAMS 0x000000070e000000, 0x000000070e000000| Complete 
|  65|0x000000070e200000, 0x000000070e200000, 0x000000070e400000|  0%| F|  |TAMS 0x000000070e200000, 0x000000070e200000| Untracked 
|  66|0x000000070e400000, 0x000000070e400000, 0x000000070e600000|  0%| F|  |TAMS 0x000000070e400000, 0x000000070e400000| Untracked 
|  67|0x000000070e600000, 0x000000070e600000, 0x000000070e800000|  0%| F|  |TAMS 0x000000070e600000, 0x000000070e600000| Untracked 
|  68|0x000000070e800000, 0x000000070e800000, 0x000000070ea00000|  0%| F|  |TAMS 0x000000070e800000, 0x000000070e800000| Untracked 
|  69|0x000000070ea00000, 0x000000070ea00000, 0x000000070ec00000|  0%| F|  |TAMS 0x000000070ea00000, 0x000000070ea00000| Untracked 
|  70|0x000000070ec00000, 0x000000070ec00000, 0x000000070ee00000|  0%| F|  |TAMS 0x000000070ec00000, 0x000000070ec00000| Untracked 
|  71|0x000000070ee00000, 0x000000070ee00000, 0x000000070f000000|  0%| F|  |TAMS 0x000000070ee00000, 0x000000070ee00000| Untracked 
|  72|0x000000070f000000, 0x000000070f000000, 0x000000070f200000|  0%| F|  |TAMS 0x000000070f000000, 0x000000070f000000| Untracked 
|  73|0x000000070f200000, 0x000000070f200000, 0x000000070f400000|  0%| F|  |TAMS 0x000000070f200000, 0x000000070f200000| Untracked 
|  74|0x000000070f400000, 0x000000070f400000, 0x000000070f600000|  0%| F|  |TAMS 0x000000070f400000, 0x000000070f400000| Untracked 
|  75|0x000000070f600000, 0x000000070f600000, 0x000000070f800000|  0%| F|  |TAMS 0x000000070f600000, 0x000000070f600000| Untracked 
|  76|0x000000070f800000, 0x000000070f800000, 0x000000070fa00000|  0%| F|  |TAMS 0x000000070f800000, 0x000000070f800000| Untracked 
|  77|0x000000070fa00000, 0x000000070fa00000, 0x000000070fc00000|  0%| F|  |TAMS 0x000000070fa00000, 0x000000070fa00000| Untracked 
|  78|0x000000070fc00000, 0x000000070fc00000, 0x000000070fe00000|  0%| F|  |TAMS 0x000000070fc00000, 0x000000070fc00000| Untracked 
|  79|0x000000070fe00000, 0x000000070fe00000, 0x0000000710000000|  0%| F|  |TAMS 0x000000070fe00000, 0x000000070fe00000| Untracked 
|  80|0x0000000710000000, 0x0000000710000000, 0x0000000710200000|  0%| F|  |TAMS 0x0000000710000000, 0x0000000710000000| Untracked 
|  81|0x0000000710200000, 0x0000000710200000, 0x0000000710400000|  0%| F|  |TAMS 0x0000000710200000, 0x0000000710200000| Untracked 
|  82|0x0000000710400000, 0x0000000710400000, 0x0000000710600000|  0%| F|  |TAMS 0x0000000710400000, 0x0000000710400000| Untracked 
| 124|0x0000000715800000, 0x0000000715800000, 0x0000000715a00000|  0%| F|  |TAMS 0x0000000715800000, 0x0000000715800000| Untracked 

Card table byte_map: [0x0000029f5b3c0000,0x0000029f5bb90000] _byte_map_base: 0x0000029f57b90000

Marking Bits (Prev, Next): (CMBitMap*) 0x0000029f47ef7770, (CMBitMap*) 0x0000029f47ef7730
 Prev Bits: [0x0000029f601e0000, 0x0000029f64060000)
 Next Bits: [0x0000029f5c360000, 0x0000029f601e0000)

Polling page: 0x0000029f47640000

Metaspace:

Usage:
  Non-class:     75.40 MB used.
      Class:      9.39 MB used.
       Both:     84.79 MB used.

Virtual space:
  Non-class space:      128.00 MB reserved,      75.56 MB ( 59%) committed,  2 nodes.
      Class space:        1.00 GB reserved,       9.50 MB ( <1%) committed,  1 nodes.
             Both:        1.12 GB reserved,      85.06 MB (  7%) committed. 

Chunk freelists:
   Non-Class:  4.34 MB
       Class:  6.44 MB
        Both:  10.78 MB

MaxMetaspaceSize: unlimited
CompressedClassSpaceSize: 1.00 GB
Initial GC threshold: 21.00 MB
Current GC threshold: 135.31 MB
CDS: off
MetaspaceReclaimPolicy: balanced
 - commit_granule_bytes: 65536.
 - commit_granule_words: 8192.
 - virtual_space_node_default_size: 8388608.
 - enlarge_chunks_in_place: 1.
 - new_chunks_are_fully_committed: 0.
 - uncommit_free_chunks: 1.
 - use_allocation_guard: 0.
 - handle_deallocations: 1.


Internal statistics:

num_allocs_failed_limit: 6.
num_arena_births: 394.
num_arena_deaths: 0.
num_vsnodes_births: 3.
num_vsnodes_deaths: 0.
num_space_committed: 1359.
num_space_uncommitted: 0.
num_chunks_returned_to_freelist: 6.
num_chunks_taken_from_freelist: 3244.
num_chunk_merges: 6.
num_chunk_splits: 2568.
num_chunks_enlarged: 2250.
num_inconsistent_stats: 0.

CodeHeap 'non-profiled nmethods': size=119168Kb used=7654Kb max_used=7654Kb free=111513Kb
 bounds [0x0000029f52f00000, 0x0000029f53680000, 0x0000029f5a360000]
CodeHeap 'profiled nmethods': size=119104Kb used=45813Kb max_used=45813Kb free=73290Kb
 bounds [0x0000029f4b360000, 0x0000029f4e020000, 0x0000029f527b0000]
CodeHeap 'non-nmethods': size=7488Kb used=3094Kb max_used=3181Kb free=4393Kb
 bounds [0x0000029f527b0000, 0x0000029f52ae0000, 0x0000029f52f00000]
 total_blobs=15441 nmethods=14705 adapters=642
 compilation: enabled
              stopped_count=0, restarted_count=0
 full_count=0

Compilation events (20 events):
Event: 17.145 Thread 0x0000029f67363410 17348       3       org.jetbrains.kotlin.ir.expressions.IrVararg::acceptChildren (69 bytes)
Event: 17.148 Thread 0x0000029f671f7dd0 nmethod 17345 0x0000029f4e00f410 code [0x0000029f4e00f7c0, 0x0000029f4e0112b8]
Event: 17.148 Thread 0x0000029f671f7dd0 17379       3       org.jetbrains.kotlin.backend.common.ir.SetDeclarationsParentVisitor::visitDeclarationReference (13 bytes)
Event: 17.149 Thread 0x0000029f67360ee0 nmethod 17349 0x0000029f4e011c90 code [0x0000029f4e012000, 0x0000029f4e013738]
Event: 17.149 Thread 0x0000029f67363410 nmethod 17348 0x0000029f4e013e90 code [0x0000029f4e014100, 0x0000029f4e014cf8]
Event: 17.149 Thread 0x0000029f67360ee0 17380       3       org.jetbrains.kotlin.backend.common.ir.SetDeclarationsParentVisitor::visitDeclarationReference (8 bytes)
Event: 17.149 Thread 0x0000029f67363410 17352       3       org.jetbrains.kotlin.backend.common.lower.TailrecLowering$lower$1::visitValueAccess (6 bytes)
Event: 17.150 Thread 0x0000029f679272b0 nmethod 17350 0x0000029f4e015090 code [0x0000029f4e015440, 0x0000029f4e016ee8]
Event: 17.151 Thread 0x0000029f679272b0 17387       3       org.jetbrains.kotlin.backend.common.lower.FlattenStringConcatenationLowering$Companion::isToStringCall (64 bytes)
Event: 17.152 Thread 0x0000029f671f7dd0 nmethod 17379 0x0000029f4e017790 code [0x0000029f4e017a20, 0x0000029f4e018698]
Event: 17.153 Thread 0x0000029f671f7dd0 17370       3       org.jetbrains.kotlin.ir.visitors.IrElementVisitor$DefaultImpls::visitElseBranch (19 bytes)
Event: 17.153 Thread 0x0000029f67360ee0 nmethod 17380 0x0000029f4e018a90 code [0x0000029f4e018d60, 0x0000029f4e019b48]
Event: 17.153 Thread 0x0000029f67360ee0 17353       3       org.jetbrains.kotlin.backend.common.lower.TailrecLowering$lower$1::visitGetValue (13 bytes)
Event: 17.153 Thread 0x0000029f679272b0 nmethod 17387 0x0000029f4e01b590 code [0x0000029f4e01b7a0, 0x0000029f4e01bf68]
Event: 17.153 Thread 0x0000029f67363410 nmethod 17352 0x0000029f4e01a010 code [0x0000029f4e01a300, 0x0000029f4e01b088]
Event: 17.154 Thread 0x0000029f679272b0 17354       3       org.jetbrains.kotlin.backend.common.lower.TailrecLowering$lower$1::visitGetValue (7 bytes)
Event: 17.154 Thread 0x0000029f67363410 17355       3       org.jetbrains.kotlin.backend.common.lower.TailrecLowering$lower$1::visitGetValue (6 bytes)
Event: 17.155 Thread 0x0000029f671f7dd0 nmethod 17370 0x0000029f4e01c190 code [0x0000029f4e01c3a0, 0x0000029f4e01ca28]
Event: 17.155 Thread 0x0000029f671f7dd0 17383       3       org.jetbrains.kotlin.backend.jvm.ir.IrInlineReferenceLocator::visitBranch (13 bytes)
Event: 17.157 Thread 0x0000029f67360ee0 nmethod 17353 0x0000029f4e01cc90 code [0x0000029f4e01cf80, 0x0000029f4e01dd98]

GC Heap History (20 events):
Event: 10.545 GC heap after
{Heap after GC invocations=24 (full 0):
 garbage-first heap   total 122880K, used 76285K [0x0000000706000000, 0x0000000800000000)
  region size 2048K, 2 young (4096K), 2 survivors (4096K)
 Metaspace       used 69857K, committed 70144K, reserved 1114112K
  class space    used 7945K, committed 8064K, reserved 1048576K
}
Event: 11.016 GC heap before
{Heap before GC invocations=25 (full 0):
 garbage-first heap   total 133120K, used 94717K [0x0000000706000000, 0x0000000800000000)
  region size 2048K, 12 young (24576K), 2 survivors (4096K)
 Metaspace       used 70085K, committed 70336K, reserved 1114112K
  class space    used 7955K, committed 8064K, reserved 1048576K
}
Event: 11.023 GC heap after
{Heap after GC invocations=26 (full 0):
 garbage-first heap   total 133120K, used 78868K [0x0000000706000000, 0x0000000800000000)
  region size 2048K, 2 young (4096K), 2 survivors (4096K)
 Metaspace       used 70085K, committed 70336K, reserved 1114112K
  class space    used 7955K, committed 8064K, reserved 1048576K
}
Event: 11.994 GC heap before
{Heap before GC invocations=27 (full 0):
 garbage-first heap   total 143360K, used 107540K [0x0000000706000000, 0x0000000800000000)
  region size 2048K, 15 young (30720K), 2 survivors (4096K)
 Metaspace       used 70391K, committed 70656K, reserved 1114112K
  class space    used 7958K, committed 8064K, reserved 1048576K
}
Event: 12.004 GC heap after
{Heap after GC invocations=28 (full 0):
 garbage-first heap   total 143360K, used 83897K [0x0000000706000000, 0x0000000800000000)
  region size 2048K, 2 young (4096K), 2 survivors (4096K)
 Metaspace       used 70391K, committed 70656K, reserved 1114112K
  class space    used 7958K, committed 8064K, reserved 1048576K
}
Event: 12.086 GC heap before
{Heap before GC invocations=28 (full 0):
 garbage-first heap   total 143360K, used 85945K [0x0000000706000000, 0x0000000800000000)
  region size 2048K, 3 young (6144K), 2 survivors (4096K)
 Metaspace       used 70430K, committed 70656K, reserved 1114112K
  class space    used 7962K, committed 8064K, reserved 1048576K
}
Event: 12.095 GC heap after
{Heap after GC invocations=29 (full 0):
 garbage-first heap   total 172032K, used 84053K [0x0000000706000000, 0x0000000800000000)
  region size 2048K, 1 young (2048K), 1 survivors (2048K)
 Metaspace       used 70430K, committed 70656K, reserved 1114112K
  class space    used 7962K, committed 8064K, reserved 1048576K
}
Event: 13.677 GC heap before
{Heap before GC invocations=29 (full 0):
 garbage-first heap   total 172032K, used 133205K [0x0000000706000000, 0x0000000800000000)
  region size 2048K, 25 young (51200K), 1 survivors (2048K)
 Metaspace       used 71406K, committed 71744K, reserved 1114112K
  class space    used 8041K, committed 8192K, reserved 1048576K
}
Event: 13.684 GC heap after
{Heap after GC invocations=30 (full 0):
 garbage-first heap   total 172032K, used 87113K [0x0000000706000000, 0x0000000800000000)
  region size 2048K, 2 young (4096K), 2 survivors (4096K)
 Metaspace       used 71406K, committed 71744K, reserved 1114112K
  class space    used 8041K, committed 8192K, reserved 1048576K
}
Event: 14.688 GC heap before
{Heap before GC invocations=31 (full 0):
 garbage-first heap   total 172032K, used 136265K [0x0000000706000000, 0x0000000800000000)
  region size 2048K, 26 young (53248K), 2 survivors (4096K)
 Metaspace       used 77104K, committed 77440K, reserved 1179648K
  class space    used 8613K, committed 8768K, reserved 1048576K
}
Event: 14.695 GC heap after
{Heap after GC invocations=32 (full 0):
 garbage-first heap   total 172032K, used 90681K [0x0000000706000000, 0x0000000800000000)
  region size 2048K, 4 young (8192K), 4 survivors (8192K)
 Metaspace       used 77104K, committed 77440K, reserved 1179648K
  class space    used 8613K, committed 8768K, reserved 1048576K
}
Event: 14.723 GC heap before
{Heap before GC invocations=32 (full 0):
 garbage-first heap   total 172032K, used 92729K [0x0000000706000000, 0x0000000800000000)
  region size 2048K, 5 young (10240K), 4 survivors (8192K)
 Metaspace       used 77128K, committed 77440K, reserved 1179648K
  class space    used 8617K, committed 8768K, reserved 1048576K
}
Event: 14.732 GC heap after
{Heap after GC invocations=33 (full 0):
 garbage-first heap   total 172032K, used 91391K [0x0000000706000000, 0x0000000800000000)
  region size 2048K, 1 young (2048K), 1 survivors (2048K)
 Metaspace       used 77128K, committed 77440K, reserved 1179648K
  class space    used 8617K, committed 8768K, reserved 1048576K
}
Event: 15.970 GC heap before
{Heap before GC invocations=33 (full 0):
 garbage-first heap   total 172032K, used 138495K [0x0000000706000000, 0x0000000800000000)
  region size 2048K, 24 young (49152K), 1 survivors (2048K)
 Metaspace       used 82394K, committed 82688K, reserved 1179648K
  class space    used 9226K, committed 9344K, reserved 1048576K
}
Event: 15.976 GC heap after
{Heap after GC invocations=34 (full 0):
 garbage-first heap   total 172032K, used 98147K [0x0000000706000000, 0x0000000800000000)
  region size 2048K, 3 young (6144K), 3 survivors (6144K)
 Metaspace       used 82394K, committed 82688K, reserved 1179648K
  class space    used 9226K, committed 9344K, reserved 1048576K
}
Event: 16.785 GC heap before
{Heap before GC invocations=35 (full 0):
 garbage-first heap   total 172032K, used 137059K [0x0000000706000000, 0x0000000800000000)
  region size 2048K, 23 young (47104K), 3 survivors (6144K)
 Metaspace       used 86239K, committed 86528K, reserved 1179648K
  class space    used 9596K, committed 9728K, reserved 1048576K
}
Event: 16.796 GC heap after
{Heap after GC invocations=36 (full 0):
 garbage-first heap   total 172032K, used 101863K [0x0000000706000000, 0x0000000800000000)
  region size 2048K, 3 young (6144K), 3 survivors (6144K)
 Metaspace       used 86239K, committed 86528K, reserved 1179648K
  class space    used 9596K, committed 9728K, reserved 1048576K
}
Event: 16.810 GC heap before
{Heap before GC invocations=36 (full 0):
 garbage-first heap   total 172032K, used 103911K [0x0000000706000000, 0x0000000800000000)
  region size 2048K, 4 young (8192K), 3 survivors (6144K)
 Metaspace       used 86247K, committed 86528K, reserved 1179648K
  class space    used 9596K, committed 9728K, reserved 1048576K
}
Event: 16.817 GC heap after
{Heap after GC invocations=37 (full 0):
 garbage-first heap   total 172032K, used 101412K [0x0000000706000000, 0x0000000800000000)
  region size 2048K, 1 young (2048K), 1 survivors (2048K)
 Metaspace       used 86247K, committed 86528K, reserved 1179648K
  class space    used 9596K, committed 9728K, reserved 1048576K
}
Event: 17.156 GC heap before
{Heap before GC invocations=37 (full 0):
 garbage-first heap   total 172032K, used 138276K [0x0000000706000000, 0x0000000800000000)
  region size 2048K, 19 young (38912K), 1 survivors (2048K)
 Metaspace       used 86827K, committed 87104K, reserved 1179648K
  class space    used 9619K, committed 9728K, reserved 1048576K
}

Dll operation events (2 events):
Event: 0.009 Loaded shared library C:\Program Files\Android\Android Studio1\jbr\bin\java.dll
Event: 0.962 Loaded shared library C:\Program Files\Android\Android Studio1\jbr\bin\verify.dll

Deoptimization events (20 events):
Event: 16.539 Thread 0x0000029f47e8a630 Uncommon trap: trap_request=0xffffffde fr.pc=0x0000029f5359e284 relative=0x0000000000000144
Event: 16.539 Thread 0x0000029f47e8a630 Uncommon trap: reason=class_check action=maybe_recompile pc=0x0000029f5359e284 method=org.jetbrains.kotlin.load.java.typeEnhancement.TypeEnhancementUtilsKt.hasEnhancedNullability(Lorg/jetbrains/kotlin/types/TypeSystemCommonBackendContext;Lorg/jetbrains/ko
Event: 16.540 Thread 0x0000029f47e8a630 DEOPT PACKING pc=0x0000029f5359e284 sp=0x000000ff6f8fda80
Event: 16.540 Thread 0x0000029f47e8a630 DEOPT UNPACKING pc=0x0000029f528069a3 sp=0x000000ff6f8fda10 mode 2
Event: 16.800 Thread 0x0000029f47e8a630 Uncommon trap: trap_request=0xffffffde fr.pc=0x0000029f534d99ac relative=0x000000000000008c
Event: 16.801 Thread 0x0000029f47e8a630 Uncommon trap: reason=class_check action=maybe_recompile pc=0x0000029f534d99ac method=org.jetbrains.kotlin.ir.declarations.IrValueParameter.acceptChildren(Lorg/jetbrains/kotlin/ir/visitors/IrElementVisitor;Ljava/lang/Object;)V @ 7 c2
Event: 16.801 Thread 0x0000029f47e8a630 DEOPT PACKING pc=0x0000029f534d99ac sp=0x000000ff6f8fcc10
Event: 16.801 Thread 0x0000029f47e8a630 DEOPT UNPACKING pc=0x0000029f528069a3 sp=0x000000ff6f8fcba8 mode 2
Event: 16.801 Thread 0x0000029f47e8a630 Uncommon trap: trap_request=0xffffffde fr.pc=0x0000029f534d99ac relative=0x000000000000008c
Event: 16.801 Thread 0x0000029f47e8a630 Uncommon trap: reason=class_check action=maybe_recompile pc=0x0000029f534d99ac method=org.jetbrains.kotlin.ir.declarations.IrValueParameter.acceptChildren(Lorg/jetbrains/kotlin/ir/visitors/IrElementVisitor;Ljava/lang/Object;)V @ 7 c2
Event: 16.801 Thread 0x0000029f47e8a630 DEOPT PACKING pc=0x0000029f534d99ac sp=0x000000ff6f8fcc10
Event: 16.801 Thread 0x0000029f47e8a630 DEOPT UNPACKING pc=0x0000029f528069a3 sp=0x000000ff6f8fcba8 mode 2
Event: 16.803 Thread 0x0000029f47e8a630 Uncommon trap: trap_request=0xffffffde fr.pc=0x0000029f534d99ac relative=0x000000000000008c
Event: 16.803 Thread 0x0000029f47e8a630 Uncommon trap: reason=class_check action=maybe_recompile pc=0x0000029f534d99ac method=org.jetbrains.kotlin.ir.declarations.IrValueParameter.acceptChildren(Lorg/jetbrains/kotlin/ir/visitors/IrElementVisitor;Ljava/lang/Object;)V @ 7 c2
Event: 16.803 Thread 0x0000029f47e8a630 DEOPT PACKING pc=0x0000029f534d99ac sp=0x000000ff6f8fcc10
Event: 16.803 Thread 0x0000029f47e8a630 DEOPT UNPACKING pc=0x0000029f528069a3 sp=0x000000ff6f8fcba8 mode 2
Event: 16.992 Thread 0x0000029f47e8a630 Uncommon trap: trap_request=0xffffff45 fr.pc=0x0000029f530e735c relative=0x000000000000005c
Event: 16.992 Thread 0x0000029f47e8a630 Uncommon trap: reason=unstable_if action=reinterpret pc=0x0000029f530e735c method=java.lang.Character.valueOf(C)Ljava/lang/Character; @ 3 c2
Event: 16.992 Thread 0x0000029f47e8a630 DEOPT PACKING pc=0x0000029f530e735c sp=0x000000ff6f8fcdb0
Event: 16.992 Thread 0x0000029f47e8a630 DEOPT UNPACKING pc=0x0000029f528069a3 sp=0x000000ff6f8fcd48 mode 2

Classes unloaded (0 events):
No events

Classes redefined (0 events):
No events

Internal exceptions (20 events):
Event: 6.576 Thread 0x0000029f47e8a630 Exception <a 'java/lang/IncompatibleClassChangeError'{0x000000070ce31bb0}: Found class java.lang.Object, but interface was expected> (0x000000070ce31bb0) 
thrown [s\src\hotspot\share\interpreter\linkResolver.cpp, line 838]
Event: 6.590 Thread 0x0000029f47e8a630 Implicit null exception at 0x0000029f52f1d8f2 to 0x0000029f52f1deec
Event: 7.056 Thread 0x0000029f47e8a630 Exception <a 'java/lang/NoSuchMethodError'{0x000000070c2626b8}: 'int java.lang.invoke.DirectMethodHandle$Holder.invokeStaticInit(java.lang.Object, int)'> (0x000000070c2626b8) 
thrown [s\src\hotspot\share\interpreter\linkResolver.cpp, line 771]
Event: 7.471 Thread 0x0000029f47e8a630 Implicit null exception at 0x0000029f530adcbc to 0x0000029f530ae5dc
Event: 7.854 Thread 0x0000029f47e8a630 Exception <a 'java/lang/NoSuchMethodError'{0x000000070cdab6a0}: 'java.lang.Object java.lang.invoke.DirectMethodHandle$Holder.newInvokeSpecial(java.lang.Object, java.lang.Object, java.lang.Object, java.lang.Object, java.lang.Object, java.lang.Object, java.lang.Object)'> (0x000000070cdab6a0) 
thrown [s\src\hotspot\share\interpreter\linkResolver.cpp, line 771]
Event: 7.854 Thread 0x0000029f47e8a630 Exception <a 'java/lang/NoSuchMethodError'{0x000000070cdb0370}: 'java.lang.Object java.lang.invoke.Invokers$Holder.linkToTargetMethod(java.lang.Object, java.lang.Object, java.lang.Object, java.lang.Object, java.lang.Object, java.lang.Object, java.lang.Object)'> (0x000000070cdb0370) 
thrown [s\src\hotspot\share\interpreter\linkResolver.cpp, line 771]
Event: 8.459 Thread 0x0000029f47e8a630 Implicit null exception at 0x0000029f531973f0 to 0x0000029f531974b3
Event: 9.410 Thread 0x0000029f47e8a630 Implicit null exception at 0x0000029f530ac61b to 0x0000029f530acd68
Event: 13.489 Thread 0x0000029f47e8a630 Implicit null exception at 0x0000029f52f9986b to 0x0000029f52f99a40
Event: 14.132 Thread 0x0000029f47e8a630 Exception <a 'java/lang/NoSuchMethodError'{0x000000070f442e90}: 'java.lang.Object java.lang.invoke.DirectMethodHandle$Holder.invokeStaticInit(java.lang.Object, java.lang.Object, java.lang.Object, java.lang.Object)'> (0x000000070f442e90) 
thrown [s\src\hotspot\share\interpreter\linkResolver.cpp, line 771]
Event: 14.257 Thread 0x0000029f47e8a630 Exception <a 'java/lang/NoSuchMethodError'{0x000000070ecb1988}: 'int java.lang.invoke.DirectMethodHandle$Holder.invokeStaticInit(java.lang.Object, java.lang.Object, java.lang.Object, java.lang.Object)'> (0x000000070ecb1988) 
thrown [s\src\hotspot\share\interpreter\linkResolver.cpp, line 771]
Event: 14.438 Thread 0x0000029f47e8a630 Exception <a 'java/lang/NoSuchMethodError'{0x000000070e4dc308}: 'java.lang.Object java.lang.invoke.DirectMethodHandle$Holder.invokeSpecial(java.lang.Object, java.lang.Object, int, int, java.lang.Object, java.lang.Object, java.lang.Object, java.lang.Object, java.lang.Object)'> (0x000000070e4dc308) 
thrown [s\src\hotspot\share\interpreter\linkResolver.cpp, line 771]
Event: 14.450 Thread 0x0000029f47e8a630 Exception <a 'java/lang/NoSuchMethodError'{0x000000070e51db98}: 'java.lang.Object java.lang.invoke.DirectMethodHandle$Holder.newInvokeSpecial(java.lang.Object, java.lang.Object, java.lang.Object, int, int)'> (0x000000070e51db98) 
thrown [s\src\hotspot\share\interpreter\linkResolver.cpp, line 771]
Event: 14.451 Thread 0x0000029f47e8a630 Exception <a 'java/lang/NoSuchMethodError'{0x000000070e5219d8}: 'java.lang.Object java.lang.invoke.DirectMethodHandle$Holder.invokeSpecial(java.lang.Object, java.lang.Object, java.lang.Object, java.lang.Object, int, int)'> (0x000000070e5219d8) 
thrown [s\src\hotspot\share\interpreter\linkResolver.cpp, line 771]
Event: 14.463 Thread 0x0000029f47e8a630 Implicit null exception at 0x0000029f52f6eef0 to 0x0000029f52f6f128
Event: 14.700 Thread 0x0000029f47e8a630 Exception <a 'java/lang/NoSuchMethodError'{0x0000000715810218}: 'java.lang.Object java.lang.invoke.DirectMethodHandle$Holder.newInvokeSpecial(java.lang.Object, java.lang.Object, int, int, java.lang.Object, java.lang.Object, java.lang.Object)'> (0x0000000715810218) 
thrown [s\src\hotspot\share\interpreter\linkResolver.cpp, line 771]
Event: 14.701 Thread 0x0000029f47e8a630 Exception <a 'java/lang/NoSuchMethodError'{0x0000000715814e48}: 'java.lang.Object java.lang.invoke.DirectMethodHandle$Holder.invokeSpecial(java.lang.Object, java.lang.Object, java.lang.Object, int, int, java.lang.Object, java.lang.Object, java.lang.Object)'> (0x0000000715814e48) 
thrown [s\src\hotspot\share\interpreter\linkResolver.cpp, line 771]
Event: 15.196 Thread 0x0000029f47e8a630 Exception <a 'java/lang/NoSuchMethodError'{0x000000070f2b7da8}: 'java.lang.Object java.lang.invoke.DirectMethodHandle$Holder.invokeStatic(java.lang.Object, java.lang.Object, java.lang.Object, int, int, java.lang.Object, java.lang.Object, java.lang.Object, java.lang.Object)'> (0x000000070f2b7da8) 
thrown [s\src\hotspot\share\interpreter\linkResolver.cpp, line 771]
Event: 15.197 Thread 0x0000029f47e8a630 Exception <a 'java/lang/NoSuchMethodError'{0x000000070f2c2070}: 'java.lang.Object java.lang.invoke.DirectMethodHandle$Holder.newInvokeSpecial(java.lang.Object, java.lang.Object, java.lang.Object, int, int, java.lang.Object)'> (0x000000070f2c2070) 
thrown [s\src\hotspot\share\interpreter\linkResolver.cpp, line 771]
Event: 15.198 Thread 0x0000029f47e8a630 Exception <a 'java/lang/NoSuchMethodError'{0x000000070f2c9a10}: 'java.lang.Object java.lang.invoke.Invokers$Holder.linkToTargetMethod(java.lang.Object, java.lang.Object, int, int, java.lang.Object, java.lang.Object)'> (0x000000070f2c9a10) 
thrown [s\src\hotspot\share\interpreter\linkResolver.cpp, line 771]

VM Operations (20 events):
Event: 16.451 Executing VM operation: ICBufferFull done
Event: 16.607 Executing VM operation: HandshakeAllThreads
Event: 16.607 Executing VM operation: HandshakeAllThreads done
Event: 16.607 Executing VM operation: HandshakeAllThreads
Event: 16.607 Executing VM operation: HandshakeAllThreads done
Event: 16.609 Executing VM operation: HandshakeAllThreads
Event: 16.609 Executing VM operation: HandshakeAllThreads done
Event: 16.627 Executing VM operation: ICBufferFull
Event: 16.627 Executing VM operation: ICBufferFull done
Event: 16.709 Executing VM operation: ICBufferFull
Event: 16.709 Executing VM operation: ICBufferFull done
Event: 16.785 Executing VM operation: G1CollectForAllocation
Event: 16.797 Executing VM operation: G1CollectForAllocation done
Event: 16.810 Executing VM operation: G1CollectForAllocation
Event: 16.817 Executing VM operation: G1CollectForAllocation done
Event: 16.926 Executing VM operation: ICBufferFull
Event: 16.926 Executing VM operation: ICBufferFull done
Event: 17.051 Executing VM operation: ICBufferFull
Event: 17.052 Executing VM operation: ICBufferFull done
Event: 17.156 Executing VM operation: G1CollectForAllocation

Events (20 events):
Event: 15.638 Thread 0x0000029f671f87d0 flushing nmethod 0x0000029f4d0d5710
Event: 15.638 Thread 0x0000029f671f87d0 flushing nmethod 0x0000029f4d0d6510
Event: 15.638 Thread 0x0000029f671f87d0 flushing nmethod 0x0000029f4d0d7b10
Event: 15.651 Thread 0x0000029f671f87d0 flushing nmethod 0x0000029f4d54a290
Event: 15.652 Thread 0x0000029f671f87d0 flushing nmethod 0x0000029f4d58e990
Event: 15.656 Thread 0x0000029f671f87d0 flushing nmethod 0x0000029f4d769710
Event: 15.658 Thread 0x0000029f671f87d0 flushing nmethod 0x0000029f4d7fa310
Event: 15.659 Thread 0x0000029f671f87d0 flushing nmethod 0x0000029f4d849c90
Event: 16.626 Thread 0x0000029f671f87d0 flushing nmethod 0x0000029f4b4db110
Event: 16.627 Thread 0x0000029f671f87d0 flushing nmethod 0x0000029f4b59c210
Event: 16.630 Thread 0x0000029f671f87d0 flushing nmethod 0x0000029f4b677b10
Event: 16.647 Thread 0x0000029f671f87d0 flushing nmethod 0x0000029f4bd0e690
Event: 16.662 Thread 0x0000029f671f87d0 flushing nmethod 0x0000029f4c30b690
Event: 16.669 Thread 0x0000029f671f87d0 flushing nmethod 0x0000029f4c532690
Event: 16.673 Thread 0x0000029f671f87d0 flushing nmethod 0x0000029f4c628d10
Event: 16.682 Thread 0x0000029f671f87d0 flushing nmethod 0x0000029f4c929790
Event: 16.743 Thread 0x0000029f671f87d0 flushing nmethod 0x0000029f4d8a4490
Event: 16.743 Thread 0x0000029f671f87d0 flushing nmethod 0x0000029f4d8a6290
Event: 16.743 Thread 0x0000029f671f87d0 flushing nmethod 0x0000029f4d8b4090
Event: 16.743 Thread 0x0000029f671f87d0 flushing nmethod 0x0000029f4d8c1810


Dynamic libraries:
0x00007ff7a56e0000 - 0x00007ff7a56ea000 	C:\Program Files\Android\Android Studio1\jbr\bin\java.exe
0x00007ffa99290000 - 0x00007ffa994a7000 	C:\WINDOWS\SYSTEM32\ntdll.dll
0x00007ffa97dc0000 - 0x00007ffa97e84000 	C:\WINDOWS\System32\KERNEL32.DLL
0x00007ffa96a10000 - 0x00007ffa96dca000 	C:\WINDOWS\System32\KERNELBASE.dll
0x00007ffa96e70000 - 0x00007ffa96f81000 	C:\WINDOWS\System32\ucrtbase.dll
0x00007ffa6d500000 - 0x00007ffa6d517000 	C:\Program Files\Android\Android Studio1\jbr\bin\jli.dll
0x00007ffa78660000 - 0x00007ffa7867b000 	C:\Program Files\Android\Android Studio1\jbr\bin\VCRUNTIME140.dll
0x00007ffa98aa0000 - 0x00007ffa98c4e000 	C:\WINDOWS\System32\USER32.dll
0x00007ffa969e0000 - 0x00007ffa96a06000 	C:\WINDOWS\System32\win32u.dll
0x00007ffa97d90000 - 0x00007ffa97db9000 	C:\WINDOWS\System32\GDI32.dll
0x00007ffa96890000 - 0x00007ffa969ab000 	C:\WINDOWS\System32\gdi32full.dll
0x00007ffa96dd0000 - 0x00007ffa96e6a000 	C:\WINDOWS\System32\msvcp_win.dll
0x00007ffa745c0000 - 0x00007ffa74852000 	C:\WINDOWS\WinSxS\amd64_microsoft.windows.common-controls_6595b64144ccf1df_6.0.22621.4541_none_2710d1c57384c085\COMCTL32.dll
0x00007ffa989f0000 - 0x00007ffa98a97000 	C:\WINDOWS\System32\msvcrt.dll
0x00007ffa98d00000 - 0x00007ffa98d31000 	C:\WINDOWS\System32\IMM32.DLL
0x00007ffa7de90000 - 0x00007ffa7de9c000 	C:\Program Files\Android\Android Studio1\jbr\bin\vcruntime140_1.dll
0x00007ffa613c0000 - 0x00007ffa6144d000 	C:\Program Files\Android\Android Studio1\jbr\bin\msvcp140.dll
0x00007ff9b3620000 - 0x00007ff9b42a3000 	C:\Program Files\Android\Android Studio1\jbr\bin\server\jvm.dll
0x00007ffa97c20000 - 0x00007ffa97cd2000 	C:\WINDOWS\System32\ADVAPI32.dll
0x00007ffa98c50000 - 0x00007ffa98cf7000 	C:\WINDOWS\System32\sechost.dll
0x00007ffa969b0000 - 0x00007ffa969d8000 	C:\WINDOWS\System32\bcrypt.dll
0x00007ffa97830000 - 0x00007ffa97944000 	C:\WINDOWS\System32\RPCRT4.dll
0x00007ffa961d0000 - 0x00007ffa9621d000 	C:\WINDOWS\SYSTEM32\POWRPROF.dll
0x00007ffa7de40000 - 0x00007ffa7de49000 	C:\WINDOWS\SYSTEM32\WSOCK32.dll
0x00007ffa7d240000 - 0x00007ffa7d24a000 	C:\WINDOWS\SYSTEM32\VERSION.dll
0x00007ffa8c160000 - 0x00007ffa8c194000 	C:\WINDOWS\SYSTEM32\WINMM.dll
0x00007ffa97b90000 - 0x00007ffa97c01000 	C:\WINDOWS\System32\WS2_32.dll
0x00007ffa96010000 - 0x00007ffa96023000 	C:\WINDOWS\SYSTEM32\UMPDC.dll
0x00007ffa95580000 - 0x00007ffa95598000 	C:\WINDOWS\SYSTEM32\kernel.appcore.dll
0x00007ffa7d7c0000 - 0x00007ffa7d7ca000 	C:\Program Files\Android\Android Studio1\jbr\bin\jimage.dll
0x00007ffa93d60000 - 0x00007ffa93f92000 	C:\WINDOWS\SYSTEM32\DBGHELP.DLL
0x00007ffa97390000 - 0x00007ffa9771f000 	C:\WINDOWS\System32\combase.dll
0x00007ffa97e90000 - 0x00007ffa97f67000 	C:\WINDOWS\System32\OLEAUT32.dll
0x00007ffa6ac40000 - 0x00007ffa6ac72000 	C:\WINDOWS\SYSTEM32\dbgcore.DLL
0x00007ffa96560000 - 0x00007ffa965db000 	C:\WINDOWS\System32\bcryptPrimitives.dll
0x00007ffa74940000 - 0x00007ffa74965000 	C:\Program Files\Android\Android Studio1\jbr\bin\java.dll
0x00007ffa77d20000 - 0x00007ffa77d38000 	C:\Program Files\Android\Android Studio1\jbr\bin\zip.dll
0x00007ffa97f70000 - 0x00007ffa987e8000 	C:\WINDOWS\System32\SHELL32.dll
0x00007ffa94450000 - 0x00007ffa94d58000 	C:\WINDOWS\SYSTEM32\windows.storage.dll
0x00007ffa94310000 - 0x00007ffa9444f000 	C:\WINDOWS\SYSTEM32\wintypes.dll
0x00007ffa97150000 - 0x00007ffa9724a000 	C:\WINDOWS\System32\SHCORE.dll
0x00007ffa97250000 - 0x00007ffa972ae000 	C:\WINDOWS\System32\shlwapi.dll
0x00007ffa96490000 - 0x00007ffa964bb000 	C:\WINDOWS\SYSTEM32\profapi.dll
0x00007ffa770b0000 - 0x00007ffa770c9000 	C:\Program Files\Android\Android Studio1\jbr\bin\net.dll
0x00007ffa91c80000 - 0x00007ffa91db6000 	C:\WINDOWS\SYSTEM32\WINHTTP.dll
0x00007ffa95a20000 - 0x00007ffa95a89000 	C:\WINDOWS\system32\mswsock.dll
0x00007ffa74920000 - 0x00007ffa74936000 	C:\Program Files\Android\Android Studio1\jbr\bin\nio.dll
0x00007ffa78480000 - 0x00007ffa78490000 	C:\Program Files\Android\Android Studio1\jbr\bin\verify.dll

dbghelp: loaded successfully - version: 4.0.5 - missing functions: none
symbol engine: initialized successfully - sym options: 0x614 - pdb path: .;C:\Program Files\Android\Android Studio1\jbr\bin;C:\WINDOWS\SYSTEM32;C:\WINDOWS\WinSxS\amd64_microsoft.windows.common-controls_6595b64144ccf1df_6.0.22621.4541_none_2710d1c57384c085;C:\Program Files\Android\Android Studio1\jbr\bin\server

VM Arguments:
java_command: org.jetbrains.kotlin.cli.jvm.K2JVMCompiler @C:\Users\se055\app_project\LifeMaster_XML\app\build\20250116_7539678204400307533.compiler.options
java_class_path (initial): C:\Users\se055\.gradle\caches\modules-2\files-2.1\org.jetbrains.kotlin\kotlin-compiler-embeddable\1.7.10\909803167c98606fcf22b4c848647c68e351d48d\kotlin-compiler-embeddable-1.7.10.jar;C:\Users\se055\.gradle\caches\modules-2\files-2.1\org.jetbrains.kotlin\kotlin-reflect\1.7.10\165e600dfea6185cf5efa700756294cc4904dbeb\kotlin-reflect-1.7.10.jar;C:\Users\se055\.gradle\caches\modules-2\files-2.1\org.jetbrains.kotlin\kotlin-stdlib\1.7.10\d2abf9e77736acc4450dc4a3f707fa2c10f5099d\kotlin-stdlib-1.7.10.jar;C:\Users\se055\.gradle\caches\modules-2\files-2.1\org.jetbrains.kotlin\kotlin-script-runtime\1.7.10\c99c87a6988d8fd8d5142e9ed5c9f34a7cf561ee\kotlin-script-runtime-1.7.10.jar;C:\Users\se055\.gradle\caches\modules-2\files-2.1\org.jetbrains.kotlin\kotlin-daemon-embeddable\1.7.10\3a9f7aef7080d3ae63126cbba4f827ed664f32fa\kotlin-daemon-embeddable-1.7.10.jar;C:\Users\se055\.gradle\caches\modules-2\files-2.1\org.jetbrains.intellij.deps\trove4j\1.0.20200330\3afb14d5f9ceb459d724e907a21145e8ff394f02\trove4j-1.0.20200330.jar;C:\Users\se055\.gradle\caches\modules-2\files-2.1\net.java.dev.jna\jna\5.6.0\330f2244e9030119ab3030fc3fededc86713d9cc\jna-5.6.0.jar;C:\Users\se055\.gradle\caches\modules-2\files-2.1\org.jetbrains.kotlin\kotlin-stdlib-common\1.7.10\bac80c520d0a9e3f3673bc2658c6ed02ef45a76a\kotlin-stdlib-common-1.7.10.jar;C:\Users\se055\.gradle\caches\modules-2\files-2.1\org.jetbrains\annotations\13.0\919f0dfe192fb4e063e7dacadee7f8bb9a2672a9\annotations-13.0.jar
Launcher Type: SUN_STANDARD

[Global flags]
     intx CICompilerCount                          = 12                                        {product} {ergonomic}
     uint ConcGCThreads                            = 3                                         {product} {ergonomic}
     uint G1ConcRefinementThreads                  = 13                                        {product} {ergonomic}
   size_t G1HeapRegionSize                         = 2097152                                   {product} {ergonomic}
    uintx GCDrainStackTargetSize                   = 64                                        {product} {ergonomic}
   size_t InitialHeapSize                          = 262144000                                 {product} {ergonomic}
   size_t MarkStackSize                            = 4194304                                   {product} {ergonomic}
   size_t MaxHeapSize                              = 4194304000                                {product} {ergonomic}
   size_t MaxNewSize                               = 2516582400                                {product} {ergonomic}
   size_t MinHeapDeltaBytes                        = 2097152                                   {product} {ergonomic}
   size_t MinHeapSize                              = 8388608                                   {product} {ergonomic}
    uintx NonNMethodCodeHeapSize                   = 7602480                                {pd product} {ergonomic}
    uintx NonProfiledCodeHeapSize                  = 122027880                              {pd product} {ergonomic}
    uintx ProfiledCodeHeapSize                     = 122027880                              {pd product} {ergonomic}
    uintx ReservedCodeCacheSize                    = 251658240                              {pd product} {ergonomic}
     bool SegmentedCodeCache                       = true                                      {product} {ergonomic}
   size_t SoftMaxHeapSize                          = 4194304000                             {manageable} {ergonomic}
     bool UseCompressedClassPointers               = true                           {product lp64_product} {ergonomic}
     bool UseCompressedOops                        = true                           {product lp64_product} {ergonomic}
     bool UseG1GC                                  = true                                      {product} {ergonomic}
     bool UseLargePagesIndividualAllocation        = false                                  {pd product} {ergonomic}

Logging:
Log output configuration:
 #0: stdout all=warning uptime,level,tags
 #1: stderr all=off uptime,level,tags

Environment Variables:
JAVA_HOME=C:\Program Files\Java\jdk-21
CLASSPATH=C:\Program Files\Java\jdk-21\lib
PATH=C:\Program Files\Java\jdk-21\bin;C:\Program Files\Oculus\Support\oculus-runtime;C:\WINDOWS\system32;C:\WINDOWS;C:\WINDOWS\System32\Wbem;C:\WINDOWS\System32\WindowsPowerShell\v1.0\;C:\WINDOWS\System32\OpenSSH\;C:\\se055\AppData\Roaming\npm\;Pr;gram Files\nodejs\;C:\Program Files\Graphviz\bin;C:\Program Files\gs\gs10.02.0\bin;C:\Users\se055\appdata\local\android\sdk\platform-tools;C:\Program Files (x86)\openssl\bin\;C:\Program Files\Docker\Docker\resources\bin;C:\Program Files\Git\cmd;C:\Users\se055\AppData\Local\Microsoft\WindowsApps
USERNAME=se055
OS=Windows_NT
PROCESSOR_IDENTIFIER=Intel64 Family 6 Model 154 Stepping 3, GenuineIntel
TMP=C:\Users\se055\AppData\Local\Temp
TEMP=C:\Users\se055\AppData\Local\Temp



Periodic native trim disabled

JNI global refs:
JNI global refs: 26, weak refs: 79

JNI global refs memory usage: 843, weak refs: 1473

OOME stack traces (most recent first):
Classloader memory used:
Loader jdk.internal.loader.ClassLoaders$AppClassLoader                                 : 9098K
Loader bootstrap                                                                       : 1697K
Loader jdk.internal.loader.ClassLoaders$PlatformClassLoader                            : 34452B
Loader jdk.internal.reflect.DelegatingClassLoader                                      : 24878B


---------------  S Y S T E M  ---------------

OS:
 Windows 11 , 64 bit Build 22621 (10.0.22621.4391)
OS uptime: 0 days 7:00 hours
Hyper-V role detected

CPU: total 16 (initial active 16) (8 cores per cpu, 2 threads per core) family 6 model 154 stepping 3 microcode 0x423, cx8, cmov, fxsr, ht, mmx, 3dnowpref, sse, sse2, sse3, ssse3, sse4.1, sse4.2, popcnt, lzcnt, tsc, tscinvbit, avx, avx2, aes, erms, clmul, bmi1, bmi2, adx, sha, fma, vzeroupper, clflush, clflushopt, clwb, hv
Processor Information for processor 0
  Max Mhz: 1700, Current Mhz: 1700, Mhz Limit: 1700
Processor Information for processor 1
  Max Mhz: 1700, Current Mhz: 1700, Mhz Limit: 1700
Processor Information for processor 2
  Max Mhz: 1700, Current Mhz: 1700, Mhz Limit: 1700
Processor Information for processor 3
  Max Mhz: 1700, Current Mhz: 1700, Mhz Limit: 1700
Processor Information for processor 4
  Max Mhz: 1700, Current Mhz: 1700, Mhz Limit: 1700
Processor Information for processor 5
  Max Mhz: 1700, Current Mhz: 1700, Mhz Limit: 1700
Processor Information for processor 6
  Max Mhz: 1700, Current Mhz: 1700, Mhz Limit: 1700
Processor Information for processor 7
  Max Mhz: 1700, Current Mhz: 1700, Mhz Limit: 1700
Processor Information for processor 8
  Max Mhz: 1700, Current Mhz: 1200, Mhz Limit: 1190
Processor Information for processor 9
  Max Mhz: 1700, Current Mhz: 1200, Mhz Limit: 1190
Processor Information for processor 10
  Max Mhz: 1700, Current Mhz: 1200, Mhz Limit: 1190
Processor Information for processor 11
  Max Mhz: 1700, Current Mhz: 1200, Mhz Limit: 1190
Processor Information for processor 12
  Max Mhz: 1700, Current Mhz: 1200, Mhz Limit: 1190
Processor Information for processor 13
  Max Mhz: 1700, Current Mhz: 1200, Mhz Limit: 1190
Processor Information for processor 14
  Max Mhz: 1700, Current Mhz: 1200, Mhz Limit: 1190
Processor Information for processor 15
  Max Mhz: 1700, Current Mhz: 1200, Mhz Limit: 1190

Memory: 4k page, system-wide physical 15996M (903M free)
TotalPageFile size 22704M (AvailPageFile size 74M)
current process WorkingSet (physical memory assigned to process): 458M, peak: 459M
current process commit charge ("private bytes"): 504M, peak: 587M

vm_info: OpenJDK 64-Bit Server VM (17.0.9+0--11185874) for windows-amd64 JRE (17.0.9+0--11185874), built on Dec  6 2023 18:57:44 by "androidbuild" with MS VC++ 16.10 / 16.11 (VS2019)

END.
